0 info it worked if it ends with ok
1 verbose cli [ '/usr/bin/node',
1 verbose cli   '/usr/bin/npm',
1 verbose cli   'run',
1 verbose cli   'node',
1 verbose cli   '/opt/project/src/main.js',
1 verbose cli   '-rm',
1 verbose cli   '-ti' ]
2 info using npm@4.6.1
3 info using node@v7.10.1
4 verbose stack Error: ENOENT: no such file or directory, open '/opt/project/package.json'
5 verbose cwd /opt/project
6 verbose Linux 4.9.36-moby
7 verbose argv "/usr/bin/node" "/usr/bin/npm" "run" "node" "/opt/project/src/main.js" "-rm" "-ti"
8 verbose node v7.10.1
9 verbose npm  v4.6.1
10 error path /opt/project/package.json
11 error code ENOENT
12 error errno -2
13 error syscall open
14 error enoent ENOENT: no such file or directory, open '/opt/project/package.json'
15 error enoent This is most likely not a problem with npm itself
15 error enoent and is related to npm not being able to find a file.
16 verbose exit [ -2, true ]
