0 info it worked if it ends with ok
1 verbose cli [ '/usr/bin/node',
1 verbose cli   '/usr/bin/npm',
1 verbose cli   'run',
1 verbose cli   '/bin/sh',
1 verbose cli   '/tmp/project_modules/start.sh',
1 verbose cli   '/bot/main.js' ]
2 info using npm@4.6.1
3 info using node@v7.10.1
4 verbose stack Error: missing script: /bin/sh
4 verbose stack     at run (/usr/lib/node_modules/npm/lib/run-script.js:151:19)
4 verbose stack     at /usr/lib/node_modules/npm/lib/run-script.js:61:5
4 verbose stack     at /usr/lib/node_modules/npm/node_modules/read-package-json/read-json.js:356:5
4 verbose stack     at checkBinReferences_ (/usr/lib/node_modules/npm/node_modules/read-package-json/read-json.js:320:45)
4 verbose stack     at final (/usr/lib/node_modules/npm/node_modules/read-package-json/read-json.js:354:3)
4 verbose stack     at then (/usr/lib/node_modules/npm/node_modules/read-package-json/read-json.js:124:5)
4 verbose stack     at ReadFileContext.<anonymous> (/usr/lib/node_modules/npm/node_modules/read-package-json/read-json.js:308:29)
4 verbose stack     at ReadFileContext.callback (/usr/lib/node_modules/npm/node_modules/graceful-fs/graceful-fs.js:78:16)
4 verbose stack     at FSReqWrap.readFileAfterOpen [as oncomplete] (fs.js:359:13)
5 verbose cwd /opt/project
6 verbose Linux 4.9.36-moby
7 verbose argv "/usr/bin/node" "/usr/bin/npm" "run" "/bin/sh" "/tmp/project_modules/start.sh" "/bot/main.js"
8 verbose node v7.10.1
9 verbose npm  v4.6.1
10 error missing script: /bin/sh
11 verbose exit [ 1, true ]
